2023-02-19T09:14:01.793514Z 0 [Warning] TIMESTAMP with implicit DEFAULT value is deprecated. Please use --explicit_defaults_for_timestamp server option (see documentation for more details).
2023-02-19T09:14:01.824177Z 0 [Warning] Setting lower_case_table_names=2 because file system for /var/lib/mysql/ is case insensitive
2023-02-19T09:14:05.459401Z 0 [Warning] InnoDB: New log files created, LSN=45790
2023-02-19T09:14:06.068443Z 0 [Warning] InnoDB: Creating foreign key constraint system tables.
2023-02-19T09:14:06.165474Z 0 [Warning] No existing UUID has been found, so we assume that this is the first time that this server has been started. Generating a new UUID: c285c103-b035-11ed-8c72-0242ac140002.
2023-02-19T09:14:06.178348Z 0 [Warning] Gtid table is not ready to be used. Table 'mysql.gtid_executed' cannot be opened.
2023-02-19T09:14:06.858455Z 0 [Warning] A deprecated TLS version TLSv1 is enabled. Please use TLSv1.2 or higher.
2023-02-19T09:14:06.860165Z 0 [Warning] A deprecated TLS version TLSv1.1 is enabled. Please use TLSv1.2 or higher.
2023-02-19T09:14:06.877628Z 0 [Warning] CA certificate ca.pem is self signed.
2023-02-19T09:14:07.147824Z 1 [Warning] root@localhost is created with an empty password ! Please consider switching off the --initialize-insecure option.
2023-02-19T09:14:25.608808Z 0 [Warning] TIMESTAMP with implicit DEFAULT value is deprecated. Please use --explicit_defaults_for_timestamp server option (see documentation for more details).
2023-02-19T09:14:25.638905Z 0 [Note] mysqld (mysqld 5.7.41) starting as process 126 ...
2023-02-19T09:14:25.654755Z 0 [Warning] Setting lower_case_table_names=2 because file system for /var/lib/mysql/ is case insensitive
2023-02-19T09:14:25.676298Z 0 [Note] InnoDB: PUNCH HOLE support available
2023-02-19T09:14:25.678027Z 0 [Note] InnoDB: Mutexes and rw_locks use GCC atomic builtins
2023-02-19T09:14:25.679393Z 0 [Note] InnoDB: Uses event mutexes
2023-02-19T09:14:25.681320Z 0 [Note] InnoDB: GCC builtin __atomic_thread_fence() is used for memory barrier
2023-02-19T09:14:25.682895Z 0 [Note] InnoDB: Compressed tables use zlib 1.2.12
2023-02-19T09:14:25.684666Z 0 [Note] InnoDB: Using Linux native AIO
2023-02-19T09:14:25.688590Z 0 [Note] InnoDB: Number of pools: 1
2023-02-19T09:14:25.691617Z 0 [Note] InnoDB: Using CPU crc32 instructions
2023-02-19T09:14:25.708598Z 0 [Note] InnoDB: Initializing buffer pool, total size = 128M, instances = 1, chunk size = 128M
2023-02-19T09:14:25.796035Z 0 [Note] InnoDB: Completed initialization of buffer pool
2023-02-19T09:14:25.818943Z 0 [Note] InnoDB: If the mysqld execution user is authorized, page cleaner thread priority can be changed. See the man page of setpriority().
2023-02-19T09:14:25.995770Z 0 [Note] InnoDB: Highest supported file format is Barracuda.
2023-02-19T09:14:26.278575Z 0 [Note] InnoDB: Creating shared tablespace for temporary tables
2023-02-19T09:14:26.286814Z 0 [Note] InnoDB: Setting file './ibtmp1' size to 12 MB. Physically writing the file full; Please wait ...
2023-02-19T09:14:26.669344Z 0 [Note] InnoDB: File './ibtmp1' size is now 12 MB.
2023-02-19T09:14:26.685395Z 0 [Note] InnoDB: 96 redo rollback segment(s) found. 96 redo rollback segment(s) are active.
2023-02-19T09:14:26.687969Z 0 [Note] InnoDB: 32 non-redo rollback segment(s) are active.
2023-02-19T09:14:26.690960Z 0 [Note] InnoDB: Waiting for purge to start
2023-02-19T09:14:26.743748Z 0 [Note] InnoDB: 5.7.41 started; log sequence number 2763378
2023-02-19T09:14:26.747354Z 0 [Note] InnoDB: Loading buffer pool(s) from /var/lib/mysql/ib_buffer_pool
2023-02-19T09:14:26.747780Z 0 [Note] Plugin 'FEDERATED' is disabled.
2023-02-19T09:14:26.860164Z 0 [Note] Found ca.pem, server-cert.pem and server-key.pem in data directory. Trying to enable SSL support using them.
2023-02-19T09:14:26.861898Z 0 [Note] Skipping generation of SSL certificates as certificate files are present in data directory.
2023-02-19T09:14:26.864968Z 0 [Warning] A deprecated TLS version TLSv1 is enabled. Please use TLSv1.2 or higher.
2023-02-19T09:14:26.871765Z 0 [Warning] A deprecated TLS version TLSv1.1 is enabled. Please use TLSv1.2 or higher.
2023-02-19T09:14:26.891935Z 0 [Warning] CA certificate ca.pem is self signed.
2023-02-19T09:14:26.894425Z 0 [Note] Skipping generation of RSA key pair as key files are present in data directory.
2023-02-19T09:14:26.912430Z 0 [Warning] Insecure configuration for --pid-file: Location '/var/run/mysqld' in the path is accessible to all OS users. Consider choosing a different directory.
2023-02-19T09:14:26.918914Z 0 [Note] InnoDB: Buffer pool(s) load completed at 230219 18:14:26
2023-02-19T09:14:27.464821Z 0 [Note] Event Scheduler: Loaded 0 events
2023-02-19T09:14:27.471352Z 0 [Note] mysqld: ready for connections.
Version: '5.7.41'  socket: '/var/run/mysqld/mysqld.sock'  port: 0  MySQL Community Server (GPL)
2023-02-19T09:14:27.638577Z 3 [Note] InnoDB: Stopping purge
2023-02-19T09:14:27.653173Z 3 [Note] InnoDB: Resuming purge
2023-02-19T09:14:27.674184Z 3 [Note] InnoDB: Stopping purge
2023-02-19T09:14:27.686952Z 3 [Note] InnoDB: Resuming purge
2023-02-19T09:14:27.708607Z 3 [Note] InnoDB: Stopping purge
2023-02-19T09:14:27.722522Z 3 [Note] InnoDB: Resuming purge
2023-02-19T09:14:27.743408Z 3 [Note] InnoDB: Stopping purge
2023-02-19T09:14:27.755835Z 3 [Note] InnoDB: Resuming purge
2023-02-19T09:14:34.184008Z 0 [Note] Giving 0 client threads a chance to die gracefully
2023-02-19T09:14:34.186108Z 0 [Note] Shutting down slave threads
2023-02-19T09:14:34.188029Z 0 [Note] Forcefully disconnecting 0 remaining clients
2023-02-19T09:14:34.190111Z 0 [Note] Event Scheduler: Purging the queue. 0 events
2023-02-19T09:14:34.192115Z 0 [Note] Binlog end
2023-02-19T09:14:34.198279Z 0 [Note] Shutting down plugin 'ngram'
2023-02-19T09:14:34.199948Z 0 [Note] Shutting down plugin 'partition'
2023-02-19T09:14:34.201753Z 0 [Note] Shutting down plugin 'BLACKHOLE'
2023-02-19T09:14:34.203229Z 0 [Note] Shutting down plugin 'ARCHIVE'
2023-02-19T09:14:34.204668Z 0 [Note] Shutting down plugin 'PERFORMANCE_SCHEMA'
2023-02-19T09:14:34.206316Z 0 [Note] Shutting down plugin 'MRG_MYISAM'
2023-02-19T09:14:34.207905Z 0 [Note] Shutting down plugin 'MyISAM'
2023-02-19T09:14:34.209188Z 0 [Note] Shutting down plugin 'INNODB_SYS_VIRTUAL'
2023-02-19T09:14:34.210821Z 0 [Note] Shutting down plugin 'INNODB_SYS_DATAFILES'
2023-02-19T09:14:34.212112Z 0 [Note] Shutting down plugin 'INNODB_SYS_TABLESPACES'
2023-02-19T09:14:34.213731Z 0 [Note] Shutting down plugin 'INNODB_SYS_FOREIGN_COLS'
2023-02-19T09:14:34.215575Z 0 [Note] Shutting down plugin 'INNODB_SYS_FOREIGN'
2023-02-19T09:14:34.217123Z 0 [Note] Shutting down plugin 'INNODB_SYS_FIELDS'
2023-02-19T09:14:34.218870Z 0 [Note] Shutting down plugin 'INNODB_SYS_COLUMNS'
2023-02-19T09:14:34.220687Z 0 [Note] Shutting down plugin 'INNODB_SYS_INDEXES'
2023-02-19T09:14:34.222194Z 0 [Note] Shutting down plugin 'INNODB_SYS_TABLESTATS'
2023-02-19T09:14:34.223720Z 0 [Note] Shutting down plugin 'INNODB_SYS_TABLES'
2023-02-19T09:14:34.224777Z 0 [Note] Shutting down plugin 'INNODB_FT_INDEX_TABLE'
2023-02-19T09:14:34.226061Z 0 [Note] Shutting down plugin 'INNODB_FT_INDEX_CACHE'
2023-02-19T09:14:34.227330Z 0 [Note] Shutting down plugin 'INNODB_FT_CONFIG'
2023-02-19T09:14:34.228767Z 0 [Note] Shutting down plugin 'INNODB_FT_BEING_DELETED'
2023-02-19T09:14:34.230552Z 0 [Note] Shutting down plugin 'INNODB_FT_DELETED'
2023-02-19T09:14:34.231856Z 0 [Note] Shutting down plugin 'INNODB_FT_DEFAULT_STOPWORD'
2023-02-19T09:14:34.233100Z 0 [Note] Shutting down plugin 'INNODB_METRICS'
2023-02-19T09:14:34.234620Z 0 [Note] Shutting down plugin 'INNODB_TEMP_TABLE_INFO'
2023-02-19T09:14:34.236198Z 0 [Note] Shutting down plugin 'INNODB_BUFFER_POOL_STATS'
2023-02-19T09:14:34.237629Z 0 [Note] Shutting down plugin 'INNODB_BUFFER_PAGE_LRU'
2023-02-19T09:14:34.239188Z 0 [Note] Shutting down plugin 'INNODB_BUFFER_PAGE'
2023-02-19T09:14:34.240567Z 0 [Note] Shutting down plugin 'INNODB_CMP_PER_INDEX_RESET'
2023-02-19T09:14:34.242165Z 0 [Note] Shutting down plugin 'INNODB_CMP_PER_INDEX'
2023-02-19T09:14:34.243573Z 0 [Note] Shutting down plugin 'INNODB_CMPMEM_RESET'
2023-02-19T09:14:34.245176Z 0 [Note] Shutting down plugin 'INNODB_CMPMEM'
2023-02-19T09:14:34.248610Z 0 [Note] Shutting down plugin 'INNODB_CMP_RESET'
2023-02-19T09:14:34.250258Z 0 [Note] Shutting down plugin 'INNODB_CMP'
2023-02-19T09:14:34.251876Z 0 [Note] Shutting down plugin 'INNODB_LOCK_WAITS'
2023-02-19T09:14:34.253478Z 0 [Note] Shutting down plugin 'INNODB_LOCKS'
2023-02-19T09:14:34.254910Z 0 [Note] Shutting down plugin 'INNODB_TRX'
2023-02-19T09:14:34.256553Z 0 [Note] Shutting down plugin 'InnoDB'
2023-02-19T09:14:34.258147Z 0 [Note] InnoDB: FTS optimize thread exiting.
2023-02-19T09:14:34.259909Z 0 [Note] InnoDB: Starting shutdown...
2023-02-19T09:14:34.365761Z 0 [Note] InnoDB: Dumping buffer pool(s) to /var/lib/mysql/ib_buffer_pool
2023-02-19T09:14:34.390065Z 0 [Note] InnoDB: Buffer pool(s) dump completed at 230219 18:14:34
2023-02-19T09:14:36.607222Z 0 [Note] InnoDB: Shutdown completed; log sequence number 12185784
2023-02-19T09:14:36.613177Z 0 [Note] InnoDB: Removed temporary tablespace data file: "ibtmp1"
2023-02-19T09:14:36.615048Z 0 [Note] Shutting down plugin 'MEMORY'
2023-02-19T09:14:36.616848Z 0 [Note] Shutting down plugin 'CSV'
2023-02-19T09:14:36.619566Z 0 [Note] Shutting down plugin 'sha256_password'
2023-02-19T09:14:36.621253Z 0 [Note] Shutting down plugin 'mysql_native_password'
2023-02-19T09:14:36.623673Z 0 [Note] Shutting down plugin 'binlog'
2023-02-19T09:14:36.630614Z 0 [Note] mysqld: Shutdown complete

2023-02-19T09:14:37.432606Z 0 [Warning] TIMESTAMP with implicit DEFAULT value is deprecated. Please use --explicit_defaults_for_timestamp server option (see documentation for more details).
2023-02-19T09:14:37.448668Z 0 [Note] mysqld (mysqld 5.7.41) starting as process 1 ...
2023-02-19T09:14:37.467550Z 0 [Warning] Setting lower_case_table_names=2 because file system for /var/lib/mysql/ is case insensitive
2023-02-19T09:14:37.479425Z 0 [Note] InnoDB: PUNCH HOLE support available
2023-02-19T09:14:37.480973Z 0 [Note] InnoDB: Mutexes and rw_locks use GCC atomic builtins
2023-02-19T09:14:37.482304Z 0 [Note] InnoDB: Uses event mutexes
2023-02-19T09:14:37.484227Z 0 [Note] InnoDB: GCC builtin __atomic_thread_fence() is used for memory barrier
2023-02-19T09:14:37.485678Z 0 [Note] InnoDB: Compressed tables use zlib 1.2.12
2023-02-19T09:14:37.487839Z 0 [Note] InnoDB: Using Linux native AIO
2023-02-19T09:14:37.490584Z 0 [Note] InnoDB: Number of pools: 1
2023-02-19T09:14:37.493131Z 0 [Note] InnoDB: Using CPU crc32 instructions
2023-02-19T09:14:37.497329Z 0 [Note] InnoDB: Initializing buffer pool, total size = 128M, instances = 1, chunk size = 128M
2023-02-19T09:14:37.513305Z 0 [Note] InnoDB: Completed initialization of buffer pool
2023-02-19T09:14:37.521052Z 0 [Note] InnoDB: If the mysqld execution user is authorized, page cleaner thread priority can be changed. See the man page of setpriority().
2023-02-19T09:14:37.663613Z 0 [Note] InnoDB: Highest supported file format is Barracuda.
2023-02-19T09:14:37.908670Z 0 [Note] InnoDB: Creating shared tablespace for temporary tables
2023-02-19T09:14:37.916695Z 0 [Note] InnoDB: Setting file './ibtmp1' size to 12 MB. Physically writing the file full; Please wait ...
2023-02-19T09:14:38.211312Z 0 [Note] InnoDB: File './ibtmp1' size is now 12 MB.
2023-02-19T09:14:38.226732Z 0 [Note] InnoDB: 96 redo rollback segment(s) found. 96 redo rollback segment(s) are active.
2023-02-19T09:14:38.228679Z 0 [Note] InnoDB: 32 non-redo rollback segment(s) are active.
2023-02-19T09:14:38.231523Z 0 [Note] InnoDB: Waiting for purge to start
2023-02-19T09:14:38.283894Z 0 [Note] InnoDB: 5.7.41 started; log sequence number 12185784
2023-02-19T09:14:38.286991Z 0 [Note] Plugin 'FEDERATED' is disabled.
2023-02-19T09:14:38.287543Z 0 [Note] InnoDB: Loading buffer pool(s) from /var/lib/mysql/ib_buffer_pool
2023-02-19T09:14:38.347591Z 0 [Note] Found ca.pem, server-cert.pem and server-key.pem in data directory. Trying to enable SSL support using them.
2023-02-19T09:14:38.356809Z 0 [Note] Skipping generation of SSL certificates as certificate files are present in data directory.
2023-02-19T09:14:38.358287Z 0 [Warning] A deprecated TLS version TLSv1 is enabled. Please use TLSv1.2 or higher.
2023-02-19T09:14:38.367168Z 0 [Warning] A deprecated TLS version TLSv1.1 is enabled. Please use TLSv1.2 or higher.
2023-02-19T09:14:38.393199Z 0 [Warning] CA certificate ca.pem is self signed.
2023-02-19T09:14:38.397869Z 0 [Note] Skipping generation of RSA key pair as key files are present in data directory.
2023-02-19T09:14:38.404892Z 0 [Note] Server hostname (bind-address): '*'; port: 3306
2023-02-19T09:14:38.406958Z 0 [Note] IPv6 is available.
2023-02-19T09:14:38.411237Z 0 [Note]   - '::' resolves to '::';
2023-02-19T09:14:38.413932Z 0 [Note] Server socket created on IP: '::'.
2023-02-19T09:14:38.422793Z 0 [Warning] Insecure configuration for --pid-file: Location '/var/run/mysqld' in the path is accessible to all OS users. Consider choosing a different directory.
2023-02-19T09:14:38.536251Z 0 [Note] InnoDB: Buffer pool(s) load completed at 230219 18:14:38
2023-02-19T09:14:38.966947Z 0 [Note] Event Scheduler: Loaded 0 events
2023-02-19T09:14:38.969208Z 0 [Note] mysqld: ready for connections.
Version: '5.7.41'  socket: '/var/run/mysqld/mysqld.sock'  port: 3306  MySQL Community Server (GPL)
2023-02-19T09:16:55.439835Z 0 [Note] Giving 0 client threads a chance to die gracefully
2023-02-19T09:16:55.441741Z 0 [Note] Shutting down slave threads
2023-02-19T09:16:55.443898Z 0 [Note] Forcefully disconnecting 0 remaining clients
2023-02-19T09:16:55.446603Z 0 [Note] Event Scheduler: Purging the queue. 0 events
2023-02-19T09:16:55.448359Z 0 [Note] Binlog end
2023-02-19T09:16:55.450655Z 0 [Note] Shutting down plugin 'ngram'
2023-02-19T09:16:55.452878Z 0 [Note] Shutting down plugin 'partition'
2023-02-19T09:16:55.454392Z 0 [Note] Shutting down plugin 'BLACKHOLE'
2023-02-19T09:16:55.456224Z 0 [Note] Shutting down plugin 'ARCHIVE'
2023-02-19T09:16:55.458279Z 0 [Note] Shutting down plugin 'PERFORMANCE_SCHEMA'
2023-02-19T09:16:55.459873Z 0 [Note] Shutting down plugin 'MRG_MYISAM'
2023-02-19T09:16:55.461531Z 0 [Note] Shutting down plugin 'MyISAM'
2023-02-19T09:16:55.463345Z 0 [Note] Shutting down plugin 'INNODB_SYS_VIRTUAL'
2023-02-19T09:16:55.465229Z 0 [Note] Shutting down plugin 'INNODB_SYS_DATAFILES'
2023-02-19T09:16:55.466789Z 0 [Note] Shutting down plugin 'INNODB_SYS_TABLESPACES'
2023-02-19T09:16:55.468854Z 0 [Note] Shutting down plugin 'INNODB_SYS_FOREIGN_COLS'
2023-02-19T09:16:55.470810Z 0 [Note] Shutting down plugin 'INNODB_SYS_FOREIGN'
2023-02-19T09:16:55.472268Z 0 [Note] Shutting down plugin 'INNODB_SYS_FIELDS'
2023-02-19T09:16:55.474433Z 0 [Note] Shutting down plugin 'INNODB_SYS_COLUMNS'
2023-02-19T09:16:55.476317Z 0 [Note] Shutting down plugin 'INNODB_SYS_INDEXES'
2023-02-19T09:16:55.477515Z 0 [Note] Shutting down plugin 'INNODB_SYS_TABLESTATS'
2023-02-19T09:16:55.478865Z 0 [Note] Shutting down plugin 'INNODB_SYS_TABLES'
2023-02-19T09:16:55.480756Z 0 [Note] Shutting down plugin 'INNODB_FT_INDEX_TABLE'
2023-02-19T09:16:55.482739Z 0 [Note] Shutting down plugin 'INNODB_FT_INDEX_CACHE'
2023-02-19T09:16:55.484405Z 0 [Note] Shutting down plugin 'INNODB_FT_CONFIG'
2023-02-19T09:16:55.485852Z 0 [Note] Shutting down plugin 'INNODB_FT_BEING_DELETED'
2023-02-19T09:16:55.487527Z 0 [Note] Shutting down plugin 'INNODB_FT_DELETED'
2023-02-19T09:16:55.489213Z 0 [Note] Shutting down plugin 'INNODB_FT_DEFAULT_STOPWORD'
2023-02-19T09:16:55.490414Z 0 [Note] Shutting down plugin 'INNODB_METRICS'
2023-02-19T09:16:55.491596Z 0 [Note] Shutting down plugin 'INNODB_TEMP_TABLE_INFO'
2023-02-19T09:16:55.492814Z 0 [Note] Shutting down plugin 'INNODB_BUFFER_POOL_STATS'
2023-02-19T09:16:55.494727Z 0 [Note] Shutting down plugin 'INNODB_BUFFER_PAGE_LRU'
2023-02-19T09:16:55.496338Z 0 [Note] Shutting down plugin 'INNODB_BUFFER_PAGE'
2023-02-19T09:16:55.497818Z 0 [Note] Shutting down plugin 'INNODB_CMP_PER_INDEX_RESET'
2023-02-19T09:16:55.499856Z 0 [Note] Shutting down plugin 'INNODB_CMP_PER_INDEX'
2023-02-19T09:16:55.501964Z 0 [Note] Shutting down plugin 'INNODB_CMPMEM_RESET'
2023-02-19T09:16:55.503397Z 0 [Note] Shutting down plugin 'INNODB_CMPMEM'
2023-02-19T09:16:55.505326Z 0 [Note] Shutting down plugin 'INNODB_CMP_RESET'
2023-02-19T09:16:55.506417Z 0 [Note] Shutting down plugin 'INNODB_CMP'
2023-02-19T09:16:55.508025Z 0 [Note] Shutting down plugin 'INNODB_LOCK_WAITS'
2023-02-19T09:16:55.509462Z 0 [Note] Shutting down plugin 'INNODB_LOCKS'
2023-02-19T09:16:55.510887Z 0 [Note] Shutting down plugin 'INNODB_TRX'
2023-02-19T09:16:55.512502Z 0 [Note] Shutting down plugin 'InnoDB'
2023-02-19T09:16:55.514454Z 0 [Note] InnoDB: FTS optimize thread exiting.
2023-02-19T09:16:55.516523Z 0 [Note] InnoDB: Starting shutdown...
2023-02-19T09:16:55.622836Z 0 [Note] InnoDB: Dumping buffer pool(s) to /var/lib/mysql/ib_buffer_pool
2023-02-19T09:16:55.642196Z 0 [Note] InnoDB: Buffer pool(s) dump completed at 230219 18:16:55
2023-02-19T09:16:57.151325Z 0 [Note] InnoDB: Shutdown completed; log sequence number 12185812
2023-02-19T09:16:57.158742Z 0 [Note] InnoDB: Removed temporary tablespace data file: "ibtmp1"
2023-02-19T09:16:57.160444Z 0 [Note] Shutting down plugin 'MEMORY'
2023-02-19T09:16:57.162344Z 0 [Note] Shutting down plugin 'CSV'
2023-02-19T09:16:57.164066Z 0 [Note] Shutting down plugin 'sha256_password'
2023-02-19T09:16:57.165464Z 0 [Note] Shutting down plugin 'mysql_native_password'
2023-02-19T09:16:57.167205Z 0 [Note] Shutting down plugin 'binlog'
2023-02-19T09:16:57.174012Z 0 [Note] mysqld: Shutdown complete

2023-02-23T14:03:45.207776Z 0 [Warning] TIMESTAMP with implicit DEFAULT value is deprecated. Please use --explicit_defaults_for_timestamp server option (see documentation for more details).
2023-02-23T14:03:45.228662Z 0 [Note] mysqld (mysqld 5.7.41) starting as process 1 ...
2023-02-23T14:03:45.245805Z 0 [Warning] Setting lower_case_table_names=2 because file system for /var/lib/mysql/ is case insensitive
2023-02-23T14:03:45.260460Z 0 [Note] InnoDB: PUNCH HOLE support available
2023-02-23T14:03:45.265989Z 0 [Note] InnoDB: Mutexes and rw_locks use GCC atomic builtins
2023-02-23T14:03:45.269294Z 0 [Note] InnoDB: Uses event mutexes
2023-02-23T14:03:45.272043Z 0 [Note] InnoDB: GCC builtin __atomic_thread_fence() is used for memory barrier
2023-02-23T14:03:45.276259Z 0 [Note] InnoDB: Compressed tables use zlib 1.2.12
2023-02-23T14:03:45.279335Z 0 [Note] InnoDB: Using Linux native AIO
2023-02-23T14:03:45.285974Z 0 [Note] InnoDB: Number of pools: 1
2023-02-23T14:03:45.291279Z 0 [Note] InnoDB: Using CPU crc32 instructions
2023-02-23T14:03:45.314671Z 0 [Note] InnoDB: Initializing buffer pool, total size = 128M, instances = 1, chunk size = 128M
2023-02-23T14:03:45.396262Z 0 [Note] InnoDB: Completed initialization of buffer pool
2023-02-23T14:03:45.403638Z 0 [Note] InnoDB: If the mysqld execution user is authorized, page cleaner thread priority can be changed. See the man page of setpriority().
2023-02-23T14:03:45.599755Z 0 [Note] InnoDB: Highest supported file format is Barracuda.
2023-02-23T14:03:45.888813Z 0 [Note] InnoDB: Creating shared tablespace for temporary tables
2023-02-23T14:03:45.900187Z 0 [Note] InnoDB: Setting file './ibtmp1' size to 12 MB. Physically writing the file full; Please wait ...
2023-02-23T14:03:46.344479Z 0 [Note] InnoDB: File './ibtmp1' size is now 12 MB.
2023-02-23T14:03:46.362589Z 0 [Note] InnoDB: 96 redo rollback segment(s) found. 96 redo rollback segment(s) are active.
2023-02-23T14:03:46.365522Z 0 [Note] InnoDB: 32 non-redo rollback segment(s) are active.
2023-02-23T14:03:46.368301Z 0 [Note] InnoDB: Waiting for purge to start
2023-02-23T14:03:46.422955Z 0 [Note] InnoDB: 5.7.41 started; log sequence number 12185812
2023-02-23T14:03:46.432234Z 0 [Note] InnoDB: Loading buffer pool(s) from /var/lib/mysql/ib_buffer_pool
2023-02-23T14:03:46.433732Z 0 [Note] Plugin 'FEDERATED' is disabled.
2023-02-23T14:03:46.583217Z 0 [Note] Found ca.pem, server-cert.pem and server-key.pem in data directory. Trying to enable SSL support using them.
2023-02-23T14:03:46.584944Z 0 [Note] Skipping generation of SSL certificates as certificate files are present in data directory.
2023-02-23T14:03:46.587089Z 0 [Warning] A deprecated TLS version TLSv1 is enabled. Please use TLSv1.2 or higher.
2023-02-23T14:03:46.589414Z 0 [Warning] A deprecated TLS version TLSv1.1 is enabled. Please use TLSv1.2 or higher.
2023-02-23T14:03:46.653597Z 0 [Warning] CA certificate ca.pem is self signed.
2023-02-23T14:03:46.666700Z 0 [Note] Skipping generation of RSA key pair as key files are present in data directory.
2023-02-23T14:03:46.699393Z 0 [Note] Server hostname (bind-address): '*'; port: 3306
2023-02-23T14:03:46.703639Z 0 [Note] IPv6 is available.
2023-02-23T14:03:46.715148Z 0 [Note]   - '::' resolves to '::';
2023-02-23T14:03:46.718265Z 0 [Note] Server socket created on IP: '::'.
2023-02-23T14:03:46.726293Z 0 [Warning] Insecure configuration for --pid-file: Location '/var/run/mysqld' in the path is accessible to all OS users. Consider choosing a different directory.
2023-02-23T14:03:46.728607Z 0 [Note] InnoDB: Buffer pool(s) load completed at 230223 23:03:46
2023-02-23T14:03:47.821599Z 0 [Note] Event Scheduler: Loaded 0 events
2023-02-23T14:03:47.824122Z 0 [Note] mysqld: ready for connections.
Version: '5.7.41'  socket: '/var/run/mysqld/mysqld.sock'  port: 3306  MySQL Community Server (GPL)
2023-02-23T16:30:20.929499Z 0 [Note] Giving 0 client threads a chance to die gracefully
2023-02-23T16:30:20.933099Z 0 [Note] Shutting down slave threads
2023-02-23T16:30:20.935193Z 0 [Note] Forcefully disconnecting 0 remaining clients
2023-02-23T16:30:20.936968Z 0 [Note] Event Scheduler: Purging the queue. 0 events
2023-02-23T16:30:20.939593Z 0 [Note] Binlog end
2023-02-23T16:30:20.942997Z 0 [Note] Shutting down plugin 'ngram'
2023-02-23T16:30:20.946121Z 0 [Note] Shutting down plugin 'partition'
2023-02-23T16:30:20.948252Z 0 [Note] Shutting down plugin 'BLACKHOLE'
2023-02-23T16:30:20.950066Z 0 [Note] Shutting down plugin 'ARCHIVE'
2023-02-23T16:30:20.952571Z 0 [Note] Shutting down plugin 'PERFORMANCE_SCHEMA'
2023-02-23T16:30:20.954542Z 0 [Note] Shutting down plugin 'MRG_MYISAM'
2023-02-23T16:30:20.957718Z 0 [Note] Shutting down plugin 'MyISAM'
2023-02-23T16:30:20.959577Z 0 [Note] Shutting down plugin 'INNODB_SYS_VIRTUAL'
2023-02-23T16:30:20.962215Z 0 [Note] Shutting down plugin 'INNODB_SYS_DATAFILES'
2023-02-23T16:30:20.963634Z 0 [Note] Shutting down plugin 'INNODB_SYS_TABLESPACES'
2023-02-23T16:30:20.965384Z 0 [Note] Shutting down plugin 'INNODB_SYS_FOREIGN_COLS'
2023-02-23T16:30:20.967685Z 0 [Note] Shutting down plugin 'INNODB_SYS_FOREIGN'
2023-02-23T16:30:20.970444Z 0 [Note] Shutting down plugin 'INNODB_SYS_FIELDS'
2023-02-23T16:30:20.973213Z 0 [Note] Shutting down plugin 'INNODB_SYS_COLUMNS'
2023-02-23T16:30:20.975285Z 0 [Note] Shutting down plugin 'INNODB_SYS_INDEXES'
2023-02-23T16:30:20.978170Z 0 [Note] Shutting down plugin 'INNODB_SYS_TABLESTATS'
2023-02-23T16:30:20.981464Z 0 [Note] Shutting down plugin 'INNODB_SYS_TABLES'
2023-02-23T16:30:20.983492Z 0 [Note] Shutting down plugin 'INNODB_FT_INDEX_TABLE'
2023-02-23T16:30:20.985902Z 0 [Note] Shutting down plugin 'INNODB_FT_INDEX_CACHE'
2023-02-23T16:30:20.987544Z 0 [Note] Shutting down plugin 'INNODB_FT_CONFIG'
2023-02-23T16:30:20.990353Z 0 [Note] Shutting down plugin 'INNODB_FT_BEING_DELETED'
2023-02-23T16:30:20.992411Z 0 [Note] Shutting down plugin 'INNODB_FT_DELETED'
2023-02-23T16:30:20.995059Z 0 [Note] Shutting down plugin 'INNODB_FT_DEFAULT_STOPWORD'
2023-02-23T16:30:20.998106Z 0 [Note] Shutting down plugin 'INNODB_METRICS'
2023-02-23T16:30:21.000251Z 0 [Note] Shutting down plugin 'INNODB_TEMP_TABLE_INFO'
2023-02-23T16:30:21.003367Z 0 [Note] Shutting down plugin 'INNODB_BUFFER_POOL_STATS'
2023-02-23T16:30:21.005649Z 0 [Note] Shutting down plugin 'INNODB_BUFFER_PAGE_LRU'
2023-02-23T16:30:21.007435Z 0 [Note] Shutting down plugin 'INNODB_BUFFER_PAGE'
2023-02-23T16:30:21.009578Z 0 [Note] Shutting down plugin 'INNODB_CMP_PER_INDEX_RESET'
2023-02-23T16:30:21.012261Z 0 [Note] Shutting down plugin 'INNODB_CMP_PER_INDEX'
2023-02-23T16:30:21.014727Z 0 [Note] Shutting down plugin 'INNODB_CMPMEM_RESET'
2023-02-23T16:30:21.017083Z 0 [Note] Shutting down plugin 'INNODB_CMPMEM'
2023-02-23T16:30:21.018853Z 0 [Note] Shutting down plugin 'INNODB_CMP_RESET'
2023-02-23T16:30:21.021035Z 0 [Note] Shutting down plugin 'INNODB_CMP'
2023-02-23T16:30:21.022992Z 0 [Note] Shutting down plugin 'INNODB_LOCK_WAITS'
2023-02-23T16:30:21.028610Z 0 [Note] Shutting down plugin 'INNODB_LOCKS'
2023-02-23T16:30:21.030900Z 0 [Note] Shutting down plugin 'INNODB_TRX'
2023-02-23T16:30:21.032369Z 0 [Note] Shutting down plugin 'InnoDB'
2023-02-23T16:30:21.034608Z 0 [Note] InnoDB: FTS optimize thread exiting.
2023-02-23T16:30:21.038256Z 0 [Note] InnoDB: Starting shutdown...
2023-02-23T16:30:21.145562Z 0 [Note] InnoDB: Dumping buffer pool(s) to /var/lib/mysql/ib_buffer_pool
2023-02-23T16:30:21.166312Z 0 [Note] InnoDB: Buffer pool(s) dump completed at 230224  1:30:21
2023-02-23T16:30:22.088739Z 0 [Note] InnoDB: Shutdown completed; log sequence number 12185840
2023-02-23T16:30:22.105089Z 0 [Note] InnoDB: Removed temporary tablespace data file: "ibtmp1"
2023-02-23T16:30:22.107912Z 0 [Note] Shutting down plugin 'MEMORY'
2023-02-23T16:30:22.110849Z 0 [Note] Shutting down plugin 'CSV'
2023-02-23T16:30:22.113621Z 0 [Note] Shutting down plugin 'sha256_password'
2023-02-23T16:30:22.115854Z 0 [Note] Shutting down plugin 'mysql_native_password'
2023-02-23T16:30:22.118759Z 0 [Note] Shutting down plugin 'binlog'
2023-02-23T16:30:22.131164Z 0 [Note] mysqld: Shutdown complete

2023-02-26T09:37:33.416457Z 0 [Warning] TIMESTAMP with implicit DEFAULT value is deprecated. Please use --explicit_defaults_for_timestamp server option (see documentation for more details).
2023-02-26T09:37:33.467982Z 0 [Note] mysqld (mysqld 5.7.41) starting as process 1 ...
2023-02-26T09:37:33.500624Z 0 [Warning] Setting lower_case_table_names=2 because file system for /var/lib/mysql/ is case insensitive
2023-02-26T09:37:33.515544Z 0 [Note] InnoDB: PUNCH HOLE support available
2023-02-26T09:37:33.517446Z 0 [Note] InnoDB: Mutexes and rw_locks use GCC atomic builtins
2023-02-26T09:37:33.519327Z 0 [Note] InnoDB: Uses event mutexes
2023-02-26T09:37:33.521258Z 0 [Note] InnoDB: GCC builtin __atomic_thread_fence() is used for memory barrier
2023-02-26T09:37:33.523743Z 0 [Note] InnoDB: Compressed tables use zlib 1.2.12
2023-02-26T09:37:33.525789Z 0 [Note] InnoDB: Using Linux native AIO
2023-02-26T09:37:33.528899Z 0 [Note] InnoDB: Number of pools: 1
2023-02-26T09:37:33.531418Z 0 [Note] InnoDB: Using CPU crc32 instructions
2023-02-26T09:37:33.540746Z 0 [Note] InnoDB: Initializing buffer pool, total size = 128M, instances = 1, chunk size = 128M
2023-02-26T09:37:33.576066Z 0 [Note] InnoDB: Completed initialization of buffer pool
2023-02-26T09:37:33.586082Z 0 [Note] InnoDB: If the mysqld execution user is authorized, page cleaner thread priority can be changed. See the man page of setpriority().
2023-02-26T09:37:33.790475Z 0 [Note] InnoDB: Highest supported file format is Barracuda.
2023-02-26T09:37:34.061268Z 0 [Note] InnoDB: Creating shared tablespace for temporary tables
2023-02-26T09:37:34.068629Z 0 [Note] InnoDB: Setting file './ibtmp1' size to 12 MB. Physically writing the file full; Please wait ...
2023-02-26T09:37:34.551865Z 0 [Note] InnoDB: File './ibtmp1' size is now 12 MB.
2023-02-26T09:37:34.569700Z 0 [Note] InnoDB: 96 redo rollback segment(s) found. 96 redo rollback segment(s) are active.
2023-02-26T09:37:34.571590Z 0 [Note] InnoDB: 32 non-redo rollback segment(s) are active.
2023-02-26T09:37:34.575805Z 0 [Note] InnoDB: Waiting for purge to start
2023-02-26T09:37:34.631249Z 0 [Note] InnoDB: 5.7.41 started; log sequence number 12185840
2023-02-26T09:37:34.635027Z 0 [Note] InnoDB: Loading buffer pool(s) from /var/lib/mysql/ib_buffer_pool
2023-02-26T09:37:34.635249Z 0 [Note] Plugin 'FEDERATED' is disabled.
2023-02-26T09:37:34.820430Z 0 [Note] Found ca.pem, server-cert.pem and server-key.pem in data directory. Trying to enable SSL support using them.
2023-02-26T09:37:34.829257Z 0 [Note] Skipping generation of SSL certificates as certificate files are present in data directory.
2023-02-26T09:37:34.835537Z 0 [Warning] A deprecated TLS version TLSv1 is enabled. Please use TLSv1.2 or higher.
2023-02-26T09:37:34.841069Z 0 [Warning] A deprecated TLS version TLSv1.1 is enabled. Please use TLSv1.2 or higher.
2023-02-26T09:37:34.905064Z 0 [Warning] CA certificate ca.pem is self signed.
2023-02-26T09:37:34.922617Z 0 [Note] Skipping generation of RSA key pair as key files are present in data directory.
2023-02-26T09:37:34.962236Z 0 [Note] Server hostname (bind-address): '*'; port: 3306
2023-02-26T09:37:34.966475Z 0 [Note] IPv6 is available.
2023-02-26T09:37:34.969064Z 0 [Note]   - '::' resolves to '::';
2023-02-26T09:37:34.972044Z 0 [Note] Server socket created on IP: '::'.
2023-02-26T09:37:34.982560Z 0 [Warning] Insecure configuration for --pid-file: Location '/var/run/mysqld' in the path is accessible to all OS users. Consider choosing a different directory.
2023-02-26T09:37:34.996174Z 0 [Note] InnoDB: Buffer pool(s) load completed at 230226 18:37:34
2023-02-26T09:37:36.748204Z 0 [Note] Event Scheduler: Loaded 0 events
2023-02-26T09:37:36.754057Z 0 [Note] mysqld: ready for connections.
Version: '5.7.41'  socket: '/var/run/mysqld/mysqld.sock'  port: 3306  MySQL Community Server (GPL)
2023-02-26T10:44:53.385287Z 0 [Note] InnoDB: page_cleaner: 1000ms intended loop took 110937ms. The settings might not be optimal. (flushed=0 and evicted=0, during the time.)
2023-02-26T11:12:43.714429Z 0 [Note] InnoDB: page_cleaner: 1000ms intended loop took 1623228ms. The settings might not be optimal. (flushed=0 and evicted=0, during the time.)
2023-02-26T11:29:24.171212Z 0 [Note] InnoDB: page_cleaner: 1000ms intended loop took 950811ms. The settings might not be optimal. (flushed=0 and evicted=0, during the time.)
2023-02-26T11:45:50.709413Z 0 [Note] InnoDB: page_cleaner: 1000ms intended loop took 934915ms. The settings might not be optimal. (flushed=0 and evicted=0, during the time.)
2023-02-26T12:02:11.659087Z 0 [Note] InnoDB: page_cleaner: 1000ms intended loop took 933877ms. The settings might not be optimal. (flushed=0 and evicted=0, during the time.)
2023-02-26T12:19:41.562207Z 0 [Note] InnoDB: page_cleaner: 1000ms intended loop took 980869ms. The settings might not be optimal. (flushed=0 and evicted=0, during the time.)
2023-02-26T12:38:00.580789Z 0 [Note] InnoDB: page_cleaner: 1000ms intended loop took 1048846ms. The settings might not be optimal. (flushed=0 and evicted=0, during the time.)
2023-02-26T12:56:22.495479Z 0 [Note] InnoDB: page_cleaner: 1000ms intended loop took 1054905ms. The settings might not be optimal. (flushed=0 and evicted=0, during the time.)
2023-02-26T13:03:45.862358Z 0 [Note] InnoDB: page_cleaner: 1000ms intended loop took 396221ms. The settings might not be optimal. (flushed=0 and evicted=0, during the time.)
2023-02-26T13:04:53.925771Z 0 [Note] InnoDB: page_cleaner: 1000ms intended loop took 45944ms. The settings might not be optimal. (flushed=0 and evicted=0, during the time.)
2023-02-26T15:39:12.082200Z 0 [Note] Giving 0 client threads a chance to die gracefully
2023-02-26T15:39:12.086685Z 0 [Note] Shutting down slave threads
2023-02-26T15:39:12.088880Z 0 [Note] Forcefully disconnecting 0 remaining clients
2023-02-26T15:39:12.090627Z 0 [Note] Event Scheduler: Purging the queue. 0 events
2023-02-26T15:39:12.093616Z 0 [Note] Binlog end
2023-02-26T15:39:12.096240Z 0 [Note] Shutting down plugin 'ngram'
2023-02-26T15:39:12.099752Z 0 [Note] Shutting down plugin 'partition'
2023-02-26T15:39:12.103027Z 0 [Note] Shutting down plugin 'BLACKHOLE'
2023-02-26T15:39:12.106015Z 0 [Note] Shutting down plugin 'ARCHIVE'
2023-02-26T15:39:12.107865Z 0 [Note] Shutting down plugin 'PERFORMANCE_SCHEMA'
2023-02-26T15:39:12.111437Z 0 [Note] Shutting down plugin 'MRG_MYISAM'
2023-02-26T15:39:12.112800Z 0 [Note] Shutting down plugin 'MyISAM'
2023-02-26T15:39:12.114807Z 0 [Note] Shutting down plugin 'INNODB_SYS_VIRTUAL'
2023-02-26T15:39:12.117613Z 0 [Note] Shutting down plugin 'INNODB_SYS_DATAFILES'
2023-02-26T15:39:12.119589Z 0 [Note] Shutting down plugin 'INNODB_SYS_TABLESPACES'
2023-02-26T15:39:12.121803Z 0 [Note] Shutting down plugin 'INNODB_SYS_FOREIGN_COLS'
2023-02-26T15:39:12.123651Z 0 [Note] Shutting down plugin 'INNODB_SYS_FOREIGN'
2023-02-26T15:39:12.125307Z 0 [Note] Shutting down plugin 'INNODB_SYS_FIELDS'
2023-02-26T15:39:12.127986Z 0 [Note] Shutting down plugin 'INNODB_SYS_COLUMNS'
2023-02-26T15:39:12.131605Z 0 [Note] Shutting down plugin 'INNODB_SYS_INDEXES'
2023-02-26T15:39:12.132907Z 0 [Note] Shutting down plugin 'INNODB_SYS_TABLESTATS'
2023-02-26T15:39:12.134980Z 0 [Note] Shutting down plugin 'INNODB_SYS_TABLES'
2023-02-26T15:39:12.136781Z 0 [Note] Shutting down plugin 'INNODB_FT_INDEX_TABLE'
2023-02-26T15:39:12.139134Z 0 [Note] Shutting down plugin 'INNODB_FT_INDEX_CACHE'
2023-02-26T15:39:12.141363Z 0 [Note] Shutting down plugin 'INNODB_FT_CONFIG'
2023-02-26T15:39:12.144146Z 0 [Note] Shutting down plugin 'INNODB_FT_BEING_DELETED'
2023-02-26T15:39:12.146249Z 0 [Note] Shutting down plugin 'INNODB_FT_DELETED'
2023-02-26T15:39:12.147686Z 0 [Note] Shutting down plugin 'INNODB_FT_DEFAULT_STOPWORD'
2023-02-26T15:39:12.150441Z 0 [Note] Shutting down plugin 'INNODB_METRICS'
2023-02-26T15:39:12.152309Z 0 [Note] Shutting down plugin 'INNODB_TEMP_TABLE_INFO'
2023-02-26T15:39:12.155035Z 0 [Note] Shutting down plugin 'INNODB_BUFFER_POOL_STATS'
2023-02-26T15:39:12.156716Z 0 [Note] Shutting down plugin 'INNODB_BUFFER_PAGE_LRU'
2023-02-26T15:39:12.158682Z 0 [Note] Shutting down plugin 'INNODB_BUFFER_PAGE'
2023-02-26T15:39:12.160724Z 0 [Note] Shutting down plugin 'INNODB_CMP_PER_INDEX_RESET'
2023-02-26T15:39:12.162604Z 0 [Note] Shutting down plugin 'INNODB_CMP_PER_INDEX'
2023-02-26T15:39:12.164143Z 0 [Note] Shutting down plugin 'INNODB_CMPMEM_RESET'
2023-02-26T15:39:12.168168Z 0 [Note] Shutting down plugin 'INNODB_CMPMEM'
2023-02-26T15:39:12.170751Z 0 [Note] Shutting down plugin 'INNODB_CMP_RESET'
2023-02-26T15:39:12.172376Z 0 [Note] Shutting down plugin 'INNODB_CMP'
2023-02-26T15:39:12.174498Z 0 [Note] Shutting down plugin 'INNODB_LOCK_WAITS'
2023-02-26T15:39:12.177642Z 0 [Note] Shutting down plugin 'INNODB_LOCKS'
2023-02-26T15:39:12.179636Z 0 [Note] Shutting down plugin 'INNODB_TRX'
2023-02-26T15:39:12.181252Z 0 [Note] Shutting down plugin 'InnoDB'
2023-02-26T15:39:12.183764Z 0 [Note] InnoDB: FTS optimize thread exiting.
2023-02-26T15:39:12.186211Z 0 [Note] InnoDB: Starting shutdown...
2023-02-26T15:39:12.292038Z 0 [Note] InnoDB: Dumping buffer pool(s) to /var/lib/mysql/ib_buffer_pool
2023-02-26T15:39:12.310436Z 0 [Note] InnoDB: Buffer pool(s) dump completed at 230227  0:39:12
2023-02-26T15:39:13.915434Z 0 [Note] InnoDB: Shutdown completed; log sequence number 12301955
2023-02-26T15:39:13.923584Z 0 [Note] InnoDB: Removed temporary tablespace data file: "ibtmp1"
2023-02-26T15:39:13.925846Z 0 [Note] Shutting down plugin 'MEMORY'
2023-02-26T15:39:13.928641Z 0 [Note] Shutting down plugin 'CSV'
2023-02-26T15:39:13.929931Z 0 [Note] Shutting down plugin 'sha256_password'
2023-02-26T15:39:13.933858Z 0 [Note] Shutting down plugin 'mysql_native_password'
2023-02-26T15:39:13.936195Z 0 [Note] Shutting down plugin 'binlog'
2023-02-26T15:39:13.944743Z 0 [Note] mysqld: Shutdown complete

2023-03-04T13:12:29.499099Z 0 [Warning] TIMESTAMP with implicit DEFAULT value is deprecated. Please use --explicit_defaults_for_timestamp server option (see documentation for more details).
2023-03-04T13:12:29.529074Z 0 [Note] mysqld (mysqld 5.7.41) starting as process 1 ...
2023-03-04T13:12:29.565887Z 0 [Warning] Setting lower_case_table_names=2 because file system for /var/lib/mysql/ is case insensitive
2023-03-04T13:12:29.612730Z 0 [Note] InnoDB: PUNCH HOLE support available
2023-03-04T13:12:29.614842Z 0 [Note] InnoDB: Mutexes and rw_locks use GCC atomic builtins
2023-03-04T13:12:29.617132Z 0 [Note] InnoDB: Uses event mutexes
2023-03-04T13:12:29.623750Z 0 [Note] InnoDB: GCC builtin __atomic_thread_fence() is used for memory barrier
2023-03-04T13:12:29.627957Z 0 [Note] InnoDB: Compressed tables use zlib 1.2.12
2023-03-04T13:12:29.629445Z 0 [Note] InnoDB: Using Linux native AIO
2023-03-04T13:12:29.635047Z 0 [Note] InnoDB: Number of pools: 1
2023-03-04T13:12:29.642453Z 0 [Note] InnoDB: Using CPU crc32 instructions
2023-03-04T13:12:29.687196Z 0 [Note] InnoDB: Initializing buffer pool, total size = 128M, instances = 1, chunk size = 128M
2023-03-04T13:12:29.810660Z 0 [Note] InnoDB: Completed initialization of buffer pool
2023-03-04T13:12:29.860994Z 0 [Note] InnoDB: If the mysqld execution user is authorized, page cleaner thread priority can be changed. See the man page of setpriority().
2023-03-04T13:12:30.088267Z 0 [Note] InnoDB: Highest supported file format is Barracuda.
2023-03-04T13:12:30.483633Z 0 [Note] InnoDB: Creating shared tablespace for temporary tables
2023-03-04T13:12:30.496285Z 0 [Note] InnoDB: Setting file './ibtmp1' size to 12 MB. Physically writing the file full; Please wait ...
2023-03-04T13:12:30.835576Z 0 [Note] InnoDB: File './ibtmp1' size is now 12 MB.
2023-03-04T13:12:30.856128Z 0 [Note] InnoDB: 96 redo rollback segment(s) found. 96 redo rollback segment(s) are active.
2023-03-04T13:12:30.858150Z 0 [Note] InnoDB: 32 non-redo rollback segment(s) are active.
2023-03-04T13:12:30.865106Z 0 [Note] InnoDB: 5.7.41 started; log sequence number 12301955
2023-03-04T13:12:30.871964Z 0 [Note] InnoDB: Loading buffer pool(s) from /var/lib/mysql/ib_buffer_pool
2023-03-04T13:12:30.873633Z 0 [Note] Plugin 'FEDERATED' is disabled.
2023-03-04T13:12:31.005670Z 0 [Note] InnoDB: Buffer pool(s) load completed at 230304 22:12:31
2023-03-04T13:12:31.069118Z 0 [Note] Found ca.pem, server-cert.pem and server-key.pem in data directory. Trying to enable SSL support using them.
2023-03-04T13:12:31.072089Z 0 [Note] Skipping generation of SSL certificates as certificate files are present in data directory.
2023-03-04T13:12:31.074933Z 0 [Warning] A deprecated TLS version TLSv1 is enabled. Please use TLSv1.2 or higher.
2023-03-04T13:12:31.078274Z 0 [Warning] A deprecated TLS version TLSv1.1 is enabled. Please use TLSv1.2 or higher.
2023-03-04T13:12:31.110229Z 0 [Warning] CA certificate ca.pem is self signed.
2023-03-04T13:12:31.112910Z 0 [Note] Skipping generation of RSA key pair as key files are present in data directory.
2023-03-04T13:12:31.130024Z 0 [Note] Server hostname (bind-address): '*'; port: 3306
2023-03-04T13:12:31.133160Z 0 [Note] IPv6 is available.
2023-03-04T13:12:31.134882Z 0 [Note]   - '::' resolves to '::';
2023-03-04T13:12:31.136859Z 0 [Note] Server socket created on IP: '::'.
2023-03-04T13:12:31.146045Z 0 [Warning] Insecure configuration for --pid-file: Location '/var/run/mysqld' in the path is accessible to all OS users. Consider choosing a different directory.
2023-03-04T13:12:32.523813Z 0 [Note] Event Scheduler: Loaded 0 events
2023-03-04T13:12:32.527436Z 0 [Note] mysqld: ready for connections.
Version: '5.7.41'  socket: '/var/run/mysqld/mysqld.sock'  port: 3306  MySQL Community Server (GPL)
2023-03-04T17:03:55.110062Z 0 [Note] InnoDB: page_cleaner: 1000ms intended loop took 7200180ms. The settings might not be optimal. (flushed=0 and evicted=0, during the time.)
2023-03-04T17:04:15.397888Z 0 [Note] Giving 0 client threads a chance to die gracefully
2023-03-04T17:04:15.402044Z 0 [Note] Shutting down slave threads
2023-03-04T17:04:15.405534Z 0 [Note] Forcefully disconnecting 0 remaining clients
2023-03-04T17:04:15.407374Z 0 [Note] Event Scheduler: Purging the queue. 0 events
2023-03-04T17:04:15.409823Z 0 [Note] Binlog end
2023-03-04T17:04:15.456313Z 0 [Note] Shutting down plugin 'ngram'
2023-03-04T17:04:15.458388Z 0 [Note] Shutting down plugin 'partition'
2023-03-04T17:04:15.461517Z 0 [Note] Shutting down plugin 'BLACKHOLE'
2023-03-04T17:04:15.463598Z 0 [Note] Shutting down plugin 'ARCHIVE'
2023-03-04T17:04:15.465230Z 0 [Note] Shutting down plugin 'PERFORMANCE_SCHEMA'
2023-03-04T17:04:15.467000Z 0 [Note] Shutting down plugin 'MRG_MYISAM'
2023-03-04T17:04:15.470019Z 0 [Note] Shutting down plugin 'MyISAM'
2023-03-04T17:04:15.473502Z 0 [Note] Shutting down plugin 'INNODB_SYS_VIRTUAL'
2023-03-04T17:04:15.476176Z 0 [Note] Shutting down plugin 'INNODB_SYS_DATAFILES'
2023-03-04T17:04:15.477970Z 0 [Note] Shutting down plugin 'INNODB_SYS_TABLESPACES'
2023-03-04T17:04:15.479937Z 0 [Note] Shutting down plugin 'INNODB_SYS_FOREIGN_COLS'
2023-03-04T17:04:15.481400Z 0 [Note] Shutting down plugin 'INNODB_SYS_FOREIGN'
2023-03-04T17:04:15.482993Z 0 [Note] Shutting down plugin 'INNODB_SYS_FIELDS'
2023-03-04T17:04:15.484905Z 0 [Note] Shutting down plugin 'INNODB_SYS_COLUMNS'
2023-03-04T17:04:15.488178Z 0 [Note] Shutting down plugin 'INNODB_SYS_INDEXES'
2023-03-04T17:04:15.489838Z 0 [Note] Shutting down plugin 'INNODB_SYS_TABLESTATS'
2023-03-04T17:04:15.491638Z 0 [Note] Shutting down plugin 'INNODB_SYS_TABLES'
2023-03-04T17:04:15.493679Z 0 [Note] Shutting down plugin 'INNODB_FT_INDEX_TABLE'
2023-03-04T17:04:15.495218Z 0 [Note] Shutting down plugin 'INNODB_FT_INDEX_CACHE'
2023-03-04T17:04:15.497738Z 0 [Note] Shutting down plugin 'INNODB_FT_CONFIG'
2023-03-04T17:04:15.499570Z 0 [Note] Shutting down plugin 'INNODB_FT_BEING_DELETED'
2023-03-04T17:04:15.502577Z 0 [Note] Shutting down plugin 'INNODB_FT_DELETED'
2023-03-04T17:04:15.504191Z 0 [Note] Shutting down plugin 'INNODB_FT_DEFAULT_STOPWORD'
2023-03-04T17:04:15.507677Z 0 [Note] Shutting down plugin 'INNODB_METRICS'
2023-03-04T17:04:15.510108Z 0 [Note] Shutting down plugin 'INNODB_TEMP_TABLE_INFO'
2023-03-04T17:04:15.514159Z 0 [Note] Shutting down plugin 'INNODB_BUFFER_POOL_STATS'
2023-03-04T17:04:15.515843Z 0 [Note] Shutting down plugin 'INNODB_BUFFER_PAGE_LRU'
2023-03-04T17:04:15.518399Z 0 [Note] Shutting down plugin 'INNODB_BUFFER_PAGE'
2023-03-04T17:04:15.520612Z 0 [Note] Shutting down plugin 'INNODB_CMP_PER_INDEX_RESET'
2023-03-04T17:04:15.524141Z 0 [Note] Shutting down plugin 'INNODB_CMP_PER_INDEX'
2023-03-04T17:04:15.526601Z 0 [Note] Shutting down plugin 'INNODB_CMPMEM_RESET'
2023-03-04T17:04:15.530826Z 0 [Note] Shutting down plugin 'INNODB_CMPMEM'
2023-03-04T17:04:15.536687Z 0 [Note] Shutting down plugin 'INNODB_CMP_RESET'
2023-03-04T17:04:15.539883Z 0 [Note] Shutting down plugin 'INNODB_CMP'
2023-03-04T17:04:15.543469Z 0 [Note] Shutting down plugin 'INNODB_LOCK_WAITS'
2023-03-04T17:04:15.545911Z 0 [Note] Shutting down plugin 'INNODB_LOCKS'
2023-03-04T17:04:15.548121Z 0 [Note] Shutting down plugin 'INNODB_TRX'
2023-03-04T17:04:15.552186Z 0 [Note] Shutting down plugin 'InnoDB'
2023-03-04T17:04:15.558054Z 0 [Note] InnoDB: FTS optimize thread exiting.
2023-03-04T17:04:15.578915Z 0 [Note] InnoDB: Starting shutdown...
2023-03-04T17:04:15.689340Z 0 [Note] InnoDB: Dumping buffer pool(s) to /var/lib/mysql/ib_buffer_pool
2023-03-04T17:04:15.730862Z 0 [Note] InnoDB: Buffer pool(s) dump completed at 230305  2:04:15
2023-03-04T17:04:17.022171Z 0 [Note] InnoDB: Shutdown completed; log sequence number 12313629
2023-03-04T17:04:17.036076Z 0 [Note] InnoDB: Removed temporary tablespace data file: "ibtmp1"
2023-03-04T17:04:17.040748Z 0 [Note] Shutting down plugin 'MEMORY'
2023-03-04T17:04:17.045855Z 0 [Note] Shutting down plugin 'CSV'
2023-03-04T17:04:17.048212Z 0 [Note] Shutting down plugin 'sha256_password'
2023-03-04T17:04:17.053743Z 0 [Note] Shutting down plugin 'mysql_native_password'
2023-03-04T17:04:17.057064Z 0 [Note] Shutting down plugin 'binlog'
2023-03-04T17:04:17.142471Z 0 [Note] mysqld: Shutdown complete

